<?xml version="1.0" encoding="UTF-8" ?>
<testsuite failures="0" time="0.023" errors="0" skipped="0" tests="15" name="TestSuite">
  <properties>
[...]
</properties>
  <testcase time="0.008" classname="com.jaspersoft.jasperserver.dto.resources.ClientCustomDataSourceTest" name="cloeableConstuctorClonesResources"/>
  <testcase time="0" classname="com.jaspersoft.jasperserver.dto.resources.ClientCustomDataSourceTest" name="testEquals"/>
  <testcase time="0" classname="com.jaspersoft.jasperserver.dto.resources.ClientCustomDataSourceTest" name="testHashCode"/>
  <testcase time="0" classname="com.jaspersoft.jasperserver.dto.resources.ClientReportUnitTest" name="testEquals"/>
  <testcase time="0" classname="com.jaspersoft.jasperserver.dto.resources.ClientVirtualDataSourceTest" name="testEquals"/>
  <testcase time="0.001" classname="com.jaspersoft.jasperserver.dto.resources.ClientVirtualDataSourceTest" name="testHashCode"/>
  <testcase time="0.002" classname="com.jaspersoft.jasperserver.dto.resources.FilesMapXmlAdapterTest" name="marshal"/>
  <testcase time="0.001" classname="com.jaspersoft.jasperserver.dto.resources.FilesMapXmlAdapterTest" name="marshal_emtpyProducesEmpty"/>
  <testcase time="0" classname="com.jaspersoft.jasperserver.dto.resources.FilesMapXmlAdapterTest" name="marshal_nullProducesNull"/>
  <testcase time="0" classname="com.jaspersoft.jasperserver.dto.resources.FilesMapXmlAdapterTest" name="unmarshal"/>
  <testcase time="0.001" classname="com.jaspersoft.jasperserver.dto.resources.FilesMapXmlAdapterTest" name="unmarshal_emtpyProducesEmpty"/>
  <testcase time="0.001" classname="com.jaspersoft.jasperserver.dto.resources.FilesMapXmlAdapterTest" name="unmarshal_nullProducesNull"/>
  <testcase time="0.009" classname="com.jaspersoft.jasperserver.dto.reports.inputcontrols.ReportInputControlTest" name="setDataType_resetGenericResourceFields"/>
  <testcase time="0" classname="com.jaspersoft.jasperserver.dto.reports.ReportParameterTest" name="testEquals"/>
  <testcase time="0" classname="com.jaspersoft.jasperserver.dto.reports.ReportParameterTest" name="testHashCode"/>
</testsuite>