<?xml version="1.0" encoding="UTF-8"?>
<!-- Generated by org.testng.reporters.JUnitXMLReporter -->
<testsuite hostname="lucas-laptop" name="Command line test" tests="15" failures="0" timestamp="20 Feb 2016 01:45:37 GMT" time="0.068" errors="0">
  <testcase name="cloeableConstuctorClonesResources" time="0.006" classname="com.jaspersoft.jasperserver.dto.resources.ClientCustomDataSourceTest"/>
  <testcase name="testEquals" time="0.0" classname="com.jaspersoft.jasperserver.dto.resources.ClientCustomDataSourceTest"/>
  <testcase name="testHashCode" time="0.0" classname="com.jaspersoft.jasperserver.dto.resources.ClientCustomDataSourceTest"/>
  <testcase name="testEquals" time="0.0" classname="com.jaspersoft.jasperserver.dto.resources.ClientReportUnitTest"/>
  <testcase name="testEquals" time="0.001" classname="com.jaspersoft.jasperserver.dto.resources.ClientVirtualDataSourceTest"/>
  <testcase name="testHashCode" time="0.001" classname="com.jaspersoft.jasperserver.dto.resources.ClientVirtualDataSourceTest"/>
  <testcase name="marshal" time="0.002" classname="com.jaspersoft.jasperserver.dto.resources.FilesMapXmlAdapterTest"/>
  <testcase name="marshal_emtpyProducesEmpty" time="0.0" classname="com.jaspersoft.jasperserver.dto.resources.FilesMapXmlAdapterTest"/>
  <testcase name="marshal_nullProducesNull" time="0.001" classname="com.jaspersoft.jasperserver.dto.resources.FilesMapXmlAdapterTest"/>
  <testcase name="unmarshal" time="0.001" classname="com.jaspersoft.jasperserver.dto.resources.FilesMapXmlAdapterTest"/>
  <testcase name="unmarshal_emtpyProducesEmpty" time="0.002" classname="com.jaspersoft.jasperserver.dto.resources.FilesMapXmlAdapterTest"/>
  <testcase name="unmarshal_nullProducesNull" time="0.009" classname="com.jaspersoft.jasperserver.dto.resources.FilesMapXmlAdapterTest"/>
  <testcase name="setDataType_resetGenericResourceFields" time="0.009" classname="com.jaspersoft.jasperserver.dto.reports.inputcontrols.ReportInputControlTest"/>
  <testcase name="testEquals" time="0.001" classname="com.jaspersoft.jasperserver.dto.reports.ReportParameterTest"/>
  <testcase name="testHashCode" time="0.001" classname="com.jaspersoft.jasperserver.dto.reports.ReportParameterTest"/>
</testsuite> <!-- Command line test -->
